# JRE version: OpenJDK Runtime Environment Temurin-21.0.10+7 (21.0.10+7) (build 21.0.10+7-LTS)
# Java VM: OpenJDK 64-Bit Server VM Temurin-21.0.10+7 (21.0.10+7-LTS, mixed mode, sharing, tiered, compressed oops, compressed class ptrs, parallel gc, windows-amd64)
GC Precious Log:
 CardTable entry size: 512
 CPUs: 8 total, 8 available
 Memory: 7855M
 Large Page Support: Disabled
 NUMA Support: Disabled
 Compressed Oops: Enabled (32-bit)
 Alignments: Space 512K, Generation 512K, Heap 2M
 Heap Min Capacity: 100M
 Heap Initial Capacity: 100M
 Heap Max Capacity: 2G
 Pre-touch: Disabled
 Parallel Workers: 8
Heap:
 PSYoungGen      total 24576K, used 17563K [0x00000000d5580000, 0x00000000d7000000, 0x0000000100000000)
  eden space 22016K, 72% used [0x00000000d5580000,0x00000000d6510090,0x00000000d6b00000)
  from space 2560K, 63% used [0x00000000d6b00000,0x00000000d6c96e98,0x00000000d6d80000)
  to   space 2048K, 0% used [0x00000000d6e00000,0x00000000d6e00000,0x00000000d7000000)
 ParOldGen       total 68608K, used 20470K [0x0000000080000000, 0x0000000084300000, 0x00000000d5580000)
  object space 68608K, 29% used [0x0000000080000000,0x00000000813fdab8,0x0000000084300000)
 Metaspace       used 45803K, committed 46848K, reserved 1114112K
  class space    used 5013K, committed 5504K, reserved 1048576K
GC Heap History (20 events):
Event: 7.465 GC heap before
{Heap before GC invocations=10 (full 1):
 PSYoungGen      total 26624K, used 24064K [0x00000000d5580000, 0x00000000d7500000, 0x0000000100000000)
  eden space 24064K, 100% used [0x00000000d5580000,0x00000000d6d00000,0x00000000d6d00000)
  from space 2560K, 0% used [0x00000000d7280000,0x00000000d7280000,0x00000000d7500000)
  to   space 3072K, 0% used [0x00000000d6f00000,0x00000000d6f00000,0x00000000d7200000)
 ParOldGen       total 68608K, used 12303K [0x0000000080000000, 0x0000000084300000, 0x00000000d5580000)
  object space 68608K, 17% used [0x0000000080000000,0x0000000080c03c58,0x0000000084300000)
 Metaspace       used 24481K, committed 25216K, reserved 1114112K
  class space    used 2416K, committed 2752K, reserved 1048576K
}
Event: 7.467 GC heap after
{Heap after GC invocations=10 (full 1):
 PSYoungGen      total 24064K, used 404K [0x00000000d5580000, 0x00000000d7300000, 0x0000000100000000)
  eden space 23552K, 0% used [0x00000000d5580000,0x00000000d5580000,0x00000000d6c80000)
  from space 512K, 78% used [0x00000000d6f00000,0x00000000d6f65068,0x00000000d6f80000)
  to   space 1536K, 0% used [0x00000000d7180000,0x00000000d7180000,0x00000000d7300000)
 ParOldGen       total 68608K, used 12303K [0x0000000080000000, 0x0000000084300000, 0x00000000d5580000)
  object space 68608K, 17% used [0x0000000080000000,0x0000000080c03c58,0x0000000084300000)
 Metaspace       used 24481K, committed 25216K, reserved 1114112K
  class space    used 2416K, committed 2752K, reserved 1048576K
}
Event: 7.749 GC heap before
{Heap before GC invocations=11 (full 1):
 PSYoungGen      total 24064K, used 23956K [0x00000000d5580000, 0x00000000d7300000, 0x0000000100000000)
  eden space 23552K, 100% used [0x00000000d5580000,0x00000000d6c80000,0x00000000d6c80000)
  from space 512K, 78% used [0x00000000d6f00000,0x00000000d6f65068,0x00000000d6f80000)
  to   space 1536K, 0% used [0x00000000d7180000,0x00000000d7180000,0x00000000d7300000)
 ParOldGen       total 68608K, used 12303K [0x0000000080000000, 0x0000000084300000, 0x00000000d5580000)
  object space 68608K, 17% used [0x0000000080000000,0x0000000080c03c58,0x0000000084300000)
 Metaspace       used 25850K, committed 26688K, reserved 1114112K
  class space    used 2547K, committed 2880K, reserved 1048576K
}
Event: 7.752 GC heap after
{Heap after GC invocations=11 (full 1):
 PSYoungGen      total 24576K, used 1531K [0x00000000d5580000, 0x00000000d7300000, 0x0000000100000000)
  eden space 23040K, 0% used [0x00000000d5580000,0x00000000d5580000,0x00000000d6c00000)
  from space 1536K, 99% used [0x00000000d7180000,0x00000000d72feda0,0x00000000d7300000)
  to   space 3072K, 0% used [0x00000000d6d00000,0x00000000d6d00000,0x00000000d7000000)
 ParOldGen       total 68608K, used 13100K [0x0000000080000000, 0x0000000084300000, 0x00000000d5580000)
  object space 68608K, 19% used [0x0000000080000000,0x0000000080ccb168,0x0000000084300000)
 Metaspace       used 25850K, committed 26688K, reserved 1114112K
  class space    used 2547K, committed 2880K, reserved 1048576K
}
Event: 8.327 GC heap before
{Heap before GC invocations=12 (full 1):
 PSYoungGen      total 24576K, used 24571K [0x00000000d5580000, 0x00000000d7300000, 0x0000000100000000)
  eden space 23040K, 100% used [0x00000000d5580000,0x00000000d6c00000,0x00000000d6c00000)
  from space 1536K, 99% used [0x00000000d7180000,0x00000000d72feda0,0x00000000d7300000)
  to   space 3072K, 0% used [0x00000000d6d00000,0x00000000d6d00000,0x00000000d7000000)
 ParOldGen       total 68608K, used 13100K [0x0000000080000000, 0x0000000084300000, 0x00000000d5580000)
  object space 68608K, 19% used [0x0000000080000000,0x0000000080ccb168,0x0000000084300000)
 Metaspace       used 28556K, committed 29376K, reserved 1114112K
  class space    used 2900K, committed 3264K, reserved 1048576K
}
Event: 8.331 GC heap after
{Heap after GC invocations=12 (full 1):
 PSYoungGen      total 25600K, used 1569K [0x00000000d5580000, 0x00000000d7200000, 0x0000000100000000)
  eden space 22528K, 0% used [0x00000000d5580000,0x00000000d5580000,0x00000000d6b80000)
  from space 3072K, 51% used [0x00000000d6d00000,0x00000000d6e88570,0x00000000d7000000)
  to   space 2048K, 0% used [0x00000000d7000000,0x00000000d7000000,0x00000000d7200000)
 ParOldGen       total 68608K, used 14497K [0x0000000080000000, 0x0000000084300000, 0x00000000d5580000)
  object space 68608K, 21% used [0x0000000080000000,0x0000000080e287b8,0x0000000084300000)
 Metaspace       used 28556K, committed 29376K, reserved 1114112K
  class space    used 2900K, committed 3264K, reserved 1048576K
}
Event: 8.950 GC heap before
{Heap before GC invocations=13 (full 1):
 PSYoungGen      total 25600K, used 24097K [0x00000000d5580000, 0x00000000d7200000, 0x0000000100000000)
  eden space 22528K, 100% used [0x00000000d5580000,0x00000000d6b80000,0x00000000d6b80000)
  from space 3072K, 51% used [0x00000000d6d00000,0x00000000d6e88570,0x00000000d7000000)
  to   space 2048K, 0% used [0x00000000d7000000,0x00000000d7000000,0x00000000d7200000)
 ParOldGen       total 68608K, used 14497K [0x0000000080000000, 0x0000000084300000, 0x00000000d5580000)
  object space 68608K, 21% used [0x0000000080000000,0x0000000080e287b8,0x0000000084300000)
 Metaspace       used 30184K, committed 30976K, reserved 1114112K
  class space    used 3082K, committed 3392K, reserved 1048576K
}
Event: 8.953 GC heap after
{Heap after GC invocations=13 (full 1):
 PSYoungGen      total 23040K, used 802K [0x00000000d5580000, 0x00000000d7100000, 0x0000000100000000)
  eden space 22016K, 0% used [0x00000000d5580000,0x00000000d5580000,0x00000000d6b00000)
  from space 1024K, 78% used [0x00000000d7000000,0x00000000d70c8a10,0x00000000d7100000)
  to   space 1536K, 0% used [0x00000000d6e00000,0x00000000d6e00000,0x00000000d6f80000)
 ParOldGen       total 68608K, used 15805K [0x0000000080000000, 0x0000000084300000, 0x00000000d5580000)
  object space 68608K, 23% used [0x0000000080000000,0x0000000080f6f5b0,0x0000000084300000)
 Metaspace       used 30184K, committed 30976K, reserved 1114112K
  class space    used 3082K, committed 3392K, reserved 1048576K
}
Event: 9.628 GC heap before
{Heap before GC invocations=14 (full 1):
 PSYoungGen      total 23040K, used 22818K [0x00000000d5580000, 0x00000000d7100000, 0x0000000100000000)
  eden space 22016K, 100% used [0x00000000d5580000,0x00000000d6b00000,0x00000000d6b00000)
  from space 1024K, 78% used [0x00000000d7000000,0x00000000d70c8a10,0x00000000d7100000)
  to   space 1536K, 0% used [0x00000000d6e00000,0x00000000d6e00000,0x00000000d6f80000)
 ParOldGen       total 68608K, used 15805K [0x0000000080000000, 0x0000000084300000, 0x00000000d5580000)
  object space 68608K, 23% used [0x0000000080000000,0x0000000080f6f5b0,0x0000000084300000)
 Metaspace       used 32933K, committed 33792K, reserved 1114112K
  class space    used 3423K, committed 3776K, reserved 1048576K
}
Event: 9.631 GC heap after
{Heap after GC invocations=14 (full 1):
 PSYoungGen      total 23552K, used 928K [0x00000000d5580000, 0x00000000d7080000, 0x0000000100000000)
  eden space 22016K, 0% used [0x00000000d5580000,0x00000000d5580000,0x00000000d6b00000)
  from space 1536K, 60% used [0x00000000d6e00000,0x00000000d6ee8000,0x00000000d6f80000)
  to   space 1024K, 0% used [0x00000000d6f80000,0x00000000d6f80000,0x00000000d7080000)
 ParOldGen       total 68608K, used 16366K [0x0000000080000000, 0x0000000084300000, 0x00000000d5580000)
  object space 68608K, 23% used [0x0000000080000000,0x0000000080ffba20,0x0000000084300000)
 Metaspace       used 32933K, committed 33792K, reserved 1114112K
  class space    used 3423K, committed 3776K, reserved 1048576K
}
Event: 10.097 GC heap before
{Heap before GC invocations=15 (full 1):
 PSYoungGen      total 23552K, used 18841K [0x00000000d5580000, 0x00000000d7080000, 0x0000000100000000)
  eden space 22016K, 81% used [0x00000000d5580000,0x00000000d66fe4f0,0x00000000d6b00000)
  from space 1536K, 60% used [0x00000000d6e00000,0x00000000d6ee8000,0x00000000d6f80000)
  to   space 1024K, 0% used [0x00000000d6f80000,0x00000000d6f80000,0x00000000d7080000)
 ParOldGen       total 68608K, used 16366K [0x0000000080000000, 0x0000000084300000, 0x00000000d5580000)
  object space 68608K, 23% used [0x0000000080000000,0x0000000080ffba20,0x0000000084300000)
 Metaspace       used 35033K, committed 35840K, reserved 1114112K
  class space    used 3693K, committed 4032K, reserved 1048576K
}
Event: 10.101 GC heap after
{Heap after GC invocations=15 (full 1):
 PSYoungGen      total 23040K, used 992K [0x00000000d5580000, 0x00000000d7080000, 0x0000000100000000)
  eden space 22016K, 0% used [0x00000000d5580000,0x00000000d5580000,0x00000000d6b00000)
  from space 1024K, 96% used [0x00000000d6f80000,0x00000000d7078000,0x00000000d7080000)
  to   space 1024K, 0% used [0x00000000d6e80000,0x00000000d6e80000,0x00000000d6f80000)
 ParOldGen       total 68608K, used 17118K [0x0000000080000000, 0x0000000084300000, 0x00000000d5580000)
  object space 68608K, 24% used [0x0000000080000000,0x00000000810b7a30,0x0000000084300000)
 Metaspace       used 35033K, committed 35840K, reserved 1114112K
  class space    used 3693K, committed 4032K, reserved 1048576K
}
Event: 10.101 GC heap before
{Heap before GC invocations=16 (full 2):
 PSYoungGen      total 23040K, used 992K [0x00000000d5580000, 0x00000000d7080000, 0x0000000100000000)
  eden space 22016K, 0% used [0x00000000d5580000,0x00000000d5580000,0x00000000d6b00000)
  from space 1024K, 96% used [0x00000000d6f80000,0x00000000d7078000,0x00000000d7080000)
  to   space 1024K, 0% used [0x00000000d6e80000,0x00000000d6e80000,0x00000000d6f80000)
 ParOldGen       total 68608K, used 17118K [0x0000000080000000, 0x0000000084300000, 0x00000000d5580000)
  object space 68608K, 24% used [0x0000000080000000,0x00000000810b7a30,0x0000000084300000)
 Metaspace       used 35033K, committed 35840K, reserved 1114112K
  class space    used 3693K, committed 4032K, reserved 1048576K
}
Event: 10.160 GC heap after
{Heap after GC invocations=16 (full 2):
 PSYoungGen      total 23040K, used 0K [0x00000000d5580000, 0x00000000d7080000, 0x0000000100000000)
  eden space 22016K, 0% used [0x00000000d5580000,0x00000000d5580000,0x00000000d6b00000)
  from space 1024K, 0% used [0x00000000d6f80000,0x00000000d6f80000,0x00000000d7080000)
  to   space 1024K, 0% used [0x00000000d6e80000,0x00000000d6e80000,0x00000000d6f80000)
 ParOldGen       total 68608K, used 17167K [0x0000000080000000, 0x0000000084300000, 0x00000000d5580000)
  object space 68608K, 25% used [0x0000000080000000,0x00000000810c3f38,0x0000000084300000)
 Metaspace       used 35033K, committed 35840K, reserved 1114112K
  class space    used 3693K, committed 4032K, reserved 1048576K
}
Event: 10.825 GC heap before
{Heap before GC invocations=17 (full 2):
 PSYoungGen      total 23040K, used 22016K [0x00000000d5580000, 0x00000000d7080000, 0x0000000100000000)
  eden space 22016K, 100% used [0x00000000d5580000,0x00000000d6b00000,0x00000000d6b00000)
  from space 1024K, 0% used [0x00000000d6f80000,0x00000000d6f80000,0x00000000d7080000)
  to   space 1024K, 0% used [0x00000000d6e80000,0x00000000d6e80000,0x00000000d6f80000)
 ParOldGen       total 68608K, used 17167K [0x0000000080000000, 0x0000000084300000, 0x00000000d5580000)
  object space 68608K, 25% used [0x0000000080000000,0x00000000810c3f38,0x0000000084300000)
 Metaspace       used 37665K, committed 38656K, reserved 1114112K
  class space    used 4043K, committed 4480K, reserved 1048576K
}
Event: 10.829 GC heap after
{Heap after GC invocations=17 (full 2):
 PSYoungGen      total 23040K, used 1023K [0x00000000d5580000, 0x00000000d7000000, 0x0000000100000000)
  eden space 22016K, 0% used [0x00000000d5580000,0x00000000d5580000,0x00000000d6b00000)
  from space 1024K, 99% used [0x00000000d6e80000,0x00000000d6f7ff88,0x00000000d6f80000)
  to   space 512K, 0% used [0x00000000d6f80000,0x00000000d6f80000,0x00000000d7000000)
 ParOldGen       total 68608K, used 18151K [0x0000000080000000, 0x0000000084300000, 0x00000000d5580000)
  object space 68608K, 26% used [0x0000000080000000,0x00000000811b9f78,0x0000000084300000)
 Metaspace       used 37665K, committed 38656K, reserved 1114112K
  class space    used 4043K, committed 4480K, reserved 1048576K
}
Event: 11.266 GC heap before
{Heap before GC invocations=18 (full 2):
 PSYoungGen      total 23040K, used 23039K [0x00000000d5580000, 0x00000000d7000000, 0x0000000100000000)
  eden space 22016K, 100% used [0x00000000d5580000,0x00000000d6b00000,0x00000000d6b00000)
  from space 1024K, 99% used [0x00000000d6e80000,0x00000000d6f7ff88,0x00000000d6f80000)
  to   space 512K, 0% used [0x00000000d6f80000,0x00000000d6f80000,0x00000000d7000000)
 ParOldGen       total 68608K, used 18151K [0x0000000080000000, 0x0000000084300000, 0x00000000d5580000)
  object space 68608K, 26% used [0x0000000080000000,0x00000000811b9f78,0x0000000084300000)
 Metaspace       used 40747K, committed 41664K, reserved 1114112K
  class space    used 4413K, committed 4800K, reserved 1048576K
}
Event: 11.272 GC heap after
{Heap after GC invocations=18 (full 2):
 PSYoungGen      total 22528K, used 489K [0x00000000d5580000, 0x00000000d7000000, 0x0000000100000000)
  eden space 22016K, 0% used [0x00000000d5580000,0x00000000d5580000,0x00000000d6b00000)
  from space 512K, 95% used [0x00000000d6f80000,0x00000000d6ffa7c0,0x00000000d7000000)
  to   space 2560K, 0% used [0x00000000d6b00000,0x00000000d6b00000,0x00000000d6d80000)
 ParOldGen       total 68608K, used 19996K [0x0000000080000000, 0x0000000084300000, 0x00000000d5580000)
  object space 68608K, 29% used [0x0000000080000000,0x00000000813872f8,0x0000000084300000)
 Metaspace       used 40747K, committed 41664K, reserved 1114112K
  class space    used 4413K, committed 4800K, reserved 1048576K
}
Event: 11.735 GC heap before
{Heap before GC invocations=19 (full 2):
 PSYoungGen      total 22528K, used 22505K [0x00000000d5580000, 0x00000000d7000000, 0x0000000100000000)
  eden space 22016K, 100% used [0x00000000d5580000,0x00000000d6b00000,0x00000000d6b00000)
  from space 512K, 95% used [0x00000000d6f80000,0x00000000d6ffa7c0,0x00000000d7000000)
  to   space 2560K, 0% used [0x00000000d6b00000,0x00000000d6b00000,0x00000000d6d80000)
 ParOldGen       total 68608K, used 19996K [0x0000000080000000, 0x0000000084300000, 0x00000000d5580000)
  object space 68608K, 29% used [0x0000000080000000,0x00000000813872f8,0x0000000084300000)
 Metaspace       used 43346K, committed 44416K, reserved 1114112K
  class space    used 4706K, committed 5184K, reserved 1048576K
}
Event: 11.739 GC heap after
{Heap after GC invocations=19 (full 2):
 PSYoungGen      total 24576K, used 1627K [0x00000000d5580000, 0x00000000d7000000, 0x0000000100000000)
  eden space 22016K, 0% used [0x00000000d5580000,0x00000000d5580000,0x00000000d6b00000)
  from space 2560K, 63% used [0x00000000d6b00000,0x00000000d6c96e98,0x00000000d6d80000)
  to   space 2048K, 0% used [0x00000000d6e00000,0x00000000d6e00000,0x00000000d7000000)
 ParOldGen       total 68608K, used 20470K [0x0000000080000000, 0x0000000084300000, 0x00000000d5580000)
  object space 68608K, 29% used [0x0000000080000000,0x00000000813fdab8,0x0000000084300000)
 Metaspace       used 43346K, committed 44416K, reserved 1114112K
  class space    used 4706K, committed 5184K, reserved 1048576K
}

